<?xml version="1.0" encoding="UTF-8"?>
<!-- Generated by org.testng.reporters.JUnitReportReporter -->
<testsuite skipped="0" hostname="DESKTOP-IKQQ20M" name="testScript.FourthClass" tests="1" failures="0" timestamp="2023-02-18T13:40:36 IST" time="35.425" errors="0">
  <testcase name="fourthtest" time="35.425" classname="testScript.FourthClass"/>
  <system-out/>
</testsuite> <!-- testScript.FourthClass -->
