<?xml version="1.0" encoding="UTF-8"?>
<!-- Generated by org.testng.reporters.JUnitReportReporter -->
<testsuite skipped="0" hostname="DESKTOP-IKQQ20M" name="testScript.SecondTest" tests="1" failures="0" timestamp="2023-02-18T13:09:43 IST" time="79.738" errors="0">
  <testcase name="secondtest" time="79.738" classname="testScript.SecondTest"/>
  <system-out/>
</testsuite> <!-- testScript.SecondTest -->
