<?xml version="1.0" encoding="UTF-8"?>
<!-- Generated by org.testng.reporters.JUnitReportReporter -->
<testsuite skipped="0" hostname="DESKTOP-IKQQ20M" name="testScript.FirstTest" tests="1" failures="0" timestamp="2023-02-18T13:03:21 IST" time="20.455" errors="0">
  <testcase name="firsttest" time="20.455" classname="testScript.FirstTest"/>
  <system-out/>
</testsuite> <!-- testScript.FirstTest -->
